{"name": "Login table Examples invalid to OrangeHRM -- @1.1 ", "status": "failed", "statusDetails": {"message": "AssertionError\n", "trace": "  File \"/usr/local/lib/python3.8/site-packages/behave/model.py\", line 1806, in run\n    match.run(runner.context)\n  File \"/usr/local/lib/python3.8/site-packages/behave/matchers.py\", line 97, in run\n    self.func(context, *args, **kwargs)\n  File \"features/steps/orangeHrm_steps.py\", line 57, in login_error\n    assert result is False\n"}, "steps": [{"name": "Given the user is on the search page \"orangehrmlive\"", "status": "passed", "start": 1608998287182, "stop": 1608998290920}, {"name": "When insert username \"admin\" and password \"admin1\"", "status": "passed", "start": 1608998290920, "stop": 1608998291096}, {"name": "And Click on login button", "status": "passed", "start": 1608998291096, "stop": 1608998292108}, {"name": "Then User must unsuccesfully login to the Dashboard page", "status": "failed", "statusDetails": {"message": "AssertionError\n", "trace": "  File \"/usr/local/lib/python3.8/site-packages/behave/model.py\", line 1806, in run\n    match.run(runner.context)\n  File \"/usr/local/lib/python3.8/site-packages/behave/matchers.py\", line 97, in run\n    self.func(context, *args, **kwargs)\n  File \"features/steps/orangeHrm_steps.py\", line 57, in login_error\n    assert result is False\n"}, "start": 1608998292108, "stop": 1608998292136}], "parameters": [{"name": "name", "value": "admin"}, {"name": "pwd", "value": "admin1"}], "start": 1608998284905, "stop": 1608998292247, "uuid": "fb83ccb5-7323-45c7-8b62-977a08ca075d", "historyId": "4376d4f19baded1a868bff4d7ce7fe1e", "fullName": "features/orangeHrm/orangeHrm_outline.feature:Login table Examples invalid to OrangeHRM", "labels": [{"name": "severity", "value": "normal"}, {"name": "tag", "value": "test"}, {"name": "feature", "value": "OrangeHRM outline"}, {"name": "framework", "value": "behave"}, {"name": "language", "value": "cpython3"}]}