{"name": "Login table Examples invalid to OrangeHRM -- @1.3 ", "status": "failed", "statusDetails": {"message": "AssertionError\n", "trace": "  File \"/usr/local/lib/python3.8/site-packages/behave/model.py\", line 1806, in run\n    match.run(runner.context)\n  File \"/usr/local/lib/python3.8/site-packages/behave/matchers.py\", line 97, in run\n    self.func(context, *args, **kwargs)\n  File \"features/steps/orangeHrm_steps.py\", line 57, in login_error\n    assert result is False\n"}, "steps": [{"name": "Given the user is on the search page \"orangehrmlive\"", "status": "passed", "start": 1608998301130, "stop": 1608998304574}, {"name": "When insert username \"admin\" and password \"admin\"", "status": "passed", "start": 1608998304574, "stop": 1608998304745}, {"name": "And Click on login button", "status": "passed", "start": 1608998304746, "stop": 1608998306022}, {"name": "Then User must unsuccesfully login to the Dashboard page", "status": "failed", "statusDetails": {"message": "AssertionError\n", "trace": "  File \"/usr/local/lib/python3.8/site-packages/behave/model.py\", line 1806, in run\n    match.run(runner.context)\n  File \"/usr/local/lib/python3.8/site-packages/behave/matchers.py\", line 97, in run\n    self.func(context, *args, **kwargs)\n  File \"features/steps/orangeHrm_steps.py\", line 57, in login_error\n    assert result is False\n"}, "start": 1608998306023, "stop": 1608998306050}], "parameters": [{"name": "name", "value": "admin"}, {"name": "pwd", "value": "admin"}], "start": 1608998298805, "stop": 1608998306145, "uuid": "418ece1a-9f73-4441-a874-c76cbc3f5e12", "historyId": "8830180f99186d8b4dfbd009868e7842", "fullName": "features/orangeHrm/orangeHrm_outline.feature:Login table Examples invalid to OrangeHRM", "labels": [{"name": "severity", "value": "normal"}, {"name": "tag", "value": "test"}, {"name": "feature", "value": "OrangeHRM outline"}, {"name": "framework", "value": "behave"}, {"name": "language", "value": "cpython3"}]}